{"/Users/alexpchin/work_ga/curriculum-archived/baseline-excluded/10-testing/jsES6-tdd-api/solution-code-authenticated/index.js":{"path":"/Users/alexpchin/work_ga/curriculum-archived/baseline-excluded/10-testing/jsES6-tdd-api/solution-code-authenticated/index.js","s":{"1":1,"2":1,"3":1,"4":1,"5":1,"6":1,"7":1,"8":1,"9":1,"10":1,"11":1,"12":1,"13":0,"14":1,"15":1,"16":1,"17":1,"18":1,"19":1,"20":1},"b":{"1":[1,1],"2":[0,1]},"f":{},"fnMap":{},"statementMap":{"1":{"start":{"line":1,"column":0},"end":{"line":1,"column":39}},"2":{"start":{"line":2,"column":0},"end":{"line":2,"column":40}},"3":{"start":{"line":3,"column":0},"end":{"line":3,"column":43}},"4":{"start":{"line":4,"column":0},"end":{"line":4,"column":36}},"5":{"start":{"line":6,"column":0},"end":{"line":6,"column":30}},"6":{"start":{"line":7,"column":0},"end":{"line":7,"column":35}},"7":{"start":{"line":8,"column":0},"end":{"line":8,"column":45}},"8":{"start":{"line":9,"column":0},"end":{"line":9,"column":47}},"9":{"start":{"line":10,"column":0},"end":{"line":10,"column":47}},"10":{"start":{"line":12,"column":0},"end":{"line":12,"column":35}},"11":{"start":{"line":13,"column":0},"end":{"line":13,"column":41}},"12":{"start":{"line":15,"column":0},"end":{"line":17,"column":1}},"13":{"start":{"line":16,"column":2},"end":{"line":16,"column":36}},"14":{"start":{"line":19,"column":0},"end":{"line":19,"column":16}},"15":{"start":{"line":20,"column":0},"end":{"line":20,"column":27}},"16":{"start":{"line":21,"column":0},"end":{"line":21,"column":51}},"17":{"start":{"line":22,"column":0},"end":{"line":22,"column":24}},"18":{"start":{"line":24,"column":0},"end":{"line":24,"column":76}},"19":{"start":{"line":24,"column":23},"end":{"line":24,"column":74}},"20":{"start":{"line":26,"column":0},"end":{"line":26,"column":21}}},"branchMap":{"1":{"line":8,"type":"binary-expr","locations":[{"start":{"line":8,"column":20},"end":{"line":8,"column":36}},{"start":{"line":8,"column":40},"end":{"line":8,"column":44}}]},"2":{"line":15,"type":"if","locations":[{"start":{"line":15,"column":0},"end":{"line":15,"column":0}},{"start":{"line":15,"column":0},"end":{"line":15,"column":0}}]}}},"/Users/alexpchin/work_ga/curriculum-archived/baseline-excluded/10-testing/jsES6-tdd-api/solution-code-authenticated/config/routes.js":{"path":"/Users/alexpchin/work_ga/curriculum-archived/baseline-excluded/10-testing/jsES6-tdd-api/solution-code-authenticated/config/routes.js","s":{"1":1,"2":1,"3":1,"4":1,"5":1,"6":1,"7":4,"8":2,"9":2,"10":2,"11":2,"12":0,"13":2,"14":2,"15":1,"16":1,"17":1,"18":1,"19":1},"b":{"1":[2,2],"2":[0,2],"3":[2,2]},"f":{"1":4},"fnMap":{"1":{"name":"secureRoute","line":13,"loc":{"start":{"line":13,"column":0},"end":{"line":13,"column":37}}}},"statementMap":{"1":{"start":{"line":2,"column":0},"end":{"line":2,"column":43}},"2":{"start":{"line":5,"column":0},"end":{"line":5,"column":39}},"3":{"start":{"line":6,"column":0},"end":{"line":6,"column":35}},"4":{"start":{"line":9,"column":0},"end":{"line":9,"column":56}},"5":{"start":{"line":10,"column":0},"end":{"line":10,"column":66}},"6":{"start":{"line":13,"column":0},"end":{"line":24,"column":1}},"7":{"start":{"line":14,"column":2},"end":{"line":14,"column":91}},"8":{"start":{"line":14,"column":34},"end":{"line":14,"column":91}},"9":{"start":{"line":16,"column":2},"end":{"line":16,"column":65}},"10":{"start":{"line":18,"column":2},"end":{"line":23,"column":5}},"11":{"start":{"line":19,"column":4},"end":{"line":19,"column":82}},"12":{"start":{"line":19,"column":25},"end":{"line":19,"column":82}},"13":{"start":{"line":21,"column":4},"end":{"line":21,"column":23}},"14":{"start":{"line":22,"column":4},"end":{"line":22,"column":11}},"15":{"start":{"line":27,"column":0},"end":{"line":29,"column":35}},"16":{"start":{"line":31,"column":0},"end":{"line":35,"column":37}},"17":{"start":{"line":37,"column":0},"end":{"line":37,"column":51}},"18":{"start":{"line":38,"column":0},"end":{"line":38,"column":45}},"19":{"start":{"line":41,"column":0},"end":{"line":41,"column":24}}},"branchMap":{"1":{"line":14,"type":"if","locations":[{"start":{"line":14,"column":2},"end":{"line":14,"column":2}},{"start":{"line":14,"column":2},"end":{"line":14,"column":2}}]},"2":{"line":19,"type":"if","locations":[{"start":{"line":19,"column":4},"end":{"line":19,"column":4}},{"start":{"line":19,"column":4},"end":{"line":19,"column":4}}]},"3":{"line":19,"type":"binary-expr","locations":[{"start":{"line":19,"column":8},"end":{"line":19,"column":11}},{"start":{"line":19,"column":15},"end":{"line":19,"column":23}}]}}},"/Users/alexpchin/work_ga/curriculum-archived/baseline-excluded/10-testing/jsES6-tdd-api/solution-code-authenticated/config/config.js":{"path":"/Users/alexpchin/work_ga/curriculum-archived/baseline-excluded/10-testing/jsES6-tdd-api/solution-code-authenticated/config/config.js","s":{"1":1},"b":{"1":[1,1],"2":[1,1]},"f":{},"fnMap":{},"statementMap":{"1":{"start":{"line":1,"column":0},"end":{"line":8,"column":2}}},"branchMap":{"1":{"line":5,"type":"binary-expr","locations":[{"start":{"line":5,"column":16},"end":{"line":5,"column":39}},{"start":{"line":5,"column":43},"end":{"line":5,"column":85}}]},"2":{"line":7,"type":"binary-expr","locations":[{"start":{"line":7,"column":10},"end":{"line":7,"column":28}},{"start":{"line":7,"column":32},"end":{"line":7,"column":57}}]}}},"/Users/alexpchin/work_ga/curriculum-archived/baseline-excluded/10-testing/jsES6-tdd-api/solution-code-authenticated/controllers/shoes.js":{"path":"/Users/alexpchin/work_ga/curriculum-archived/baseline-excluded/10-testing/jsES6-tdd-api/solution-code-authenticated/controllers/shoes.js","s":{"1":1,"2":1,"3":5,"4":5,"5":0,"6":5,"7":1,"8":1,"9":1,"10":0,"11":1,"12":1,"13":1,"14":1,"15":0,"16":1,"17":0,"18":1,"19":1,"20":0,"21":0,"22":0,"23":0,"24":1,"25":1,"26":1,"27":0,"28":1,"29":1},"b":{"1":[0,5],"2":[0,1],"3":[0,1],"4":[0,1],"5":[0,0],"6":[0,1]},"f":{"1":5,"2":1,"3":1,"4":0,"5":1},"fnMap":{"1":{"name":"shoesIndex","line":3,"loc":{"start":{"line":3,"column":0},"end":{"line":3,"column":30}}},"2":{"name":"shoesCreate","line":10,"loc":{"start":{"line":10,"column":0},"end":{"line":10,"column":31}}},"3":{"name":"shoesShow","line":17,"loc":{"start":{"line":17,"column":0},"end":{"line":17,"column":29}}},"4":{"name":"shoesUpdate","line":25,"loc":{"start":{"line":25,"column":0},"end":{"line":25,"column":31}}},"5":{"name":"shoesDelete","line":32,"loc":{"start":{"line":32,"column":0},"end":{"line":32,"column":31}}}},"statementMap":{"1":{"start":{"line":1,"column":0},"end":{"line":1,"column":39}},"2":{"start":{"line":3,"column":0},"end":{"line":8,"column":1}},"3":{"start":{"line":4,"column":2},"end":{"line":7,"column":5}},"4":{"start":{"line":5,"column":4},"end":{"line":5,"column":46}},"5":{"start":{"line":5,"column":13},"end":{"line":5,"column":46}},"6":{"start":{"line":6,"column":4},"end":{"line":6,"column":43}},"7":{"start":{"line":10,"column":0},"end":{"line":15,"column":1}},"8":{"start":{"line":11,"column":2},"end":{"line":14,"column":5}},"9":{"start":{"line":12,"column":4},"end":{"line":12,"column":46}},"10":{"start":{"line":12,"column":13},"end":{"line":12,"column":46}},"11":{"start":{"line":13,"column":4},"end":{"line":13,"column":42}},"12":{"start":{"line":17,"column":0},"end":{"line":23,"column":1}},"13":{"start":{"line":18,"column":2},"end":{"line":22,"column":5}},"14":{"start":{"line":19,"column":4},"end":{"line":19,"column":46}},"15":{"start":{"line":19,"column":13},"end":{"line":19,"column":46}},"16":{"start":{"line":20,"column":4},"end":{"line":20,"column":94}},"17":{"start":{"line":20,"column":15},"end":{"line":20,"column":94}},"18":{"start":{"line":21,"column":4},"end":{"line":21,"column":42}},"19":{"start":{"line":25,"column":0},"end":{"line":30,"column":1}},"20":{"start":{"line":26,"column":2},"end":{"line":29,"column":5}},"21":{"start":{"line":27,"column":4},"end":{"line":27,"column":46}},"22":{"start":{"line":27,"column":13},"end":{"line":27,"column":46}},"23":{"start":{"line":28,"column":4},"end":{"line":28,"column":42}},"24":{"start":{"line":32,"column":0},"end":{"line":37,"column":1}},"25":{"start":{"line":33,"column":2},"end":{"line":36,"column":5}},"26":{"start":{"line":34,"column":4},"end":{"line":34,"column":46}},"27":{"start":{"line":34,"column":13},"end":{"line":34,"column":46}},"28":{"start":{"line":35,"column":4},"end":{"line":35,"column":31}},"29":{"start":{"line":39,"column":0},"end":{"line":45,"column":2}}},"branchMap":{"1":{"line":5,"type":"if","locations":[{"start":{"line":5,"column":4},"end":{"line":5,"column":4}},{"start":{"line":5,"column":4},"end":{"line":5,"column":4}}]},"2":{"line":12,"type":"if","locations":[{"start":{"line":12,"column":4},"end":{"line":12,"column":4}},{"start":{"line":12,"column":4},"end":{"line":12,"column":4}}]},"3":{"line":19,"type":"if","locations":[{"start":{"line":19,"column":4},"end":{"line":19,"column":4}},{"start":{"line":19,"column":4},"end":{"line":19,"column":4}}]},"4":{"line":20,"type":"if","locations":[{"start":{"line":20,"column":4},"end":{"line":20,"column":4}},{"start":{"line":20,"column":4},"end":{"line":20,"column":4}}]},"5":{"line":27,"type":"if","locations":[{"start":{"line":27,"column":4},"end":{"line":27,"column":4}},{"start":{"line":27,"column":4},"end":{"line":27,"column":4}}]},"6":{"line":34,"type":"if","locations":[{"start":{"line":34,"column":4},"end":{"line":34,"column":4}},{"start":{"line":34,"column":4},"end":{"line":34,"column":4}}]}}},"/Users/alexpchin/work_ga/curriculum-archived/baseline-excluded/10-testing/jsES6-tdd-api/solution-code-authenticated/models/shoe.js":{"path":"/Users/alexpchin/work_ga/curriculum-archived/baseline-excluded/10-testing/jsES6-tdd-api/solution-code-authenticated/models/shoe.js","s":{"1":1,"2":1,"3":1},"b":{},"f":{},"fnMap":{},"statementMap":{"1":{"start":{"line":1,"column":0},"end":{"line":1,"column":37}},"2":{"start":{"line":3,"column":0},"end":{"line":11,"column":3}},"3":{"start":{"line":13,"column":0},"end":{"line":13,"column":52}}},"branchMap":{}},"/Users/alexpchin/work_ga/curriculum-archived/baseline-excluded/10-testing/jsES6-tdd-api/solution-code-authenticated/controllers/authentications.js":{"path":"/Users/alexpchin/work_ga/curriculum-archived/baseline-excluded/10-testing/jsES6-tdd-api/solution-code-authenticated/controllers/authentications.js","s":{"1":1,"2":1,"3":1,"4":1,"5":2,"6":2,"7":1,"8":1,"9":1,"10":1,"11":1,"12":4,"13":4,"14":0,"15":4,"16":1,"17":3,"18":3,"19":3,"20":1},"b":{"1":[1,1],"2":[0,4],"3":[1,3],"4":[4,4]},"f":{"1":2,"2":4},"fnMap":{"1":{"name":"register","line":5,"loc":{"start":{"line":5,"column":0},"end":{"line":5,"column":28}}},"2":{"name":"login","line":19,"loc":{"start":{"line":19,"column":0},"end":{"line":19,"column":25}}}},"statementMap":{"1":{"start":{"line":1,"column":0},"end":{"line":1,"column":41}},"2":{"start":{"line":2,"column":0},"end":{"line":2,"column":39}},"3":{"start":{"line":3,"column":0},"end":{"line":3,"column":50}},"4":{"start":{"line":5,"column":0},"end":{"line":17,"column":1}},"5":{"start":{"line":6,"column":2},"end":{"line":16,"column":5}},"6":{"start":{"line":7,"column":4},"end":{"line":7,"column":46}},"7":{"start":{"line":7,"column":13},"end":{"line":7,"column":46}},"8":{"start":{"line":9,"column":4},"end":{"line":9,"column":63}},"9":{"start":{"line":10,"column":4},"end":{"line":10,"column":69}},"10":{"start":{"line":12,"column":4},"end":{"line":15,"column":7}},"11":{"start":{"line":19,"column":0},"end":{"line":34,"column":1}},"12":{"start":{"line":20,"column":2},"end":{"line":33,"column":5}},"13":{"start":{"line":21,"column":4},"end":{"line":21,"column":37}},"14":{"start":{"line":21,"column":13},"end":{"line":21,"column":37}},"15":{"start":{"line":22,"column":4},"end":{"line":24,"column":5}},"16":{"start":{"line":23,"column":6},"end":{"line":23,"column":70}},"17":{"start":{"line":26,"column":4},"end":{"line":26,"column":63}},"18":{"start":{"line":27,"column":4},"end":{"line":27,"column":69}},"19":{"start":{"line":29,"column":4},"end":{"line":32,"column":7}},"20":{"start":{"line":36,"column":0},"end":{"line":39,"column":2}}},"branchMap":{"1":{"line":7,"type":"if","locations":[{"start":{"line":7,"column":4},"end":{"line":7,"column":4}},{"start":{"line":7,"column":4},"end":{"line":7,"column":4}}]},"2":{"line":21,"type":"if","locations":[{"start":{"line":21,"column":4},"end":{"line":21,"column":4}},{"start":{"line":21,"column":4},"end":{"line":21,"column":4}}]},"3":{"line":22,"type":"if","locations":[{"start":{"line":22,"column":4},"end":{"line":22,"column":4}},{"start":{"line":22,"column":4},"end":{"line":22,"column":4}}]},"4":{"line":22,"type":"binary-expr","locations":[{"start":{"line":22,"column":8},"end":{"line":22,"column":13}},{"start":{"line":22,"column":17},"end":{"line":22,"column":58}}]}}},"/Users/alexpchin/work_ga/curriculum-archived/baseline-excluded/10-testing/jsES6-tdd-api/solution-code-authenticated/models/user.js":{"path":"/Users/alexpchin/work_ga/curriculum-archived/baseline-excluded/10-testing/jsES6-tdd-api/solution-code-authenticated/models/user.js","s":{"1":1,"2":1,"3":1,"4":1,"5":1,"6":5,"7":5,"8":1,"9":0,"10":5,"11":1,"12":5,"13":5,"14":0,"15":5,"16":0,"17":1,"18":4,"19":1,"20":1},"b":{"1":[5,0],"2":[0,5],"3":[0,5]},"f":{"1":5,"2":0,"3":5,"4":5,"5":4},"fnMap":{"1":{"name":"(anonymous_1)","line":12,"loc":{"start":{"line":12,"column":7},"end":{"line":12,"column":26}}},"2":{"name":"(anonymous_2)","line":21,"loc":{"start":{"line":21,"column":7},"end":{"line":21,"column":18}}},"3":{"name":"(anonymous_3)","line":24,"loc":{"start":{"line":24,"column":7},"end":{"line":24,"column":38}}},"4":{"name":"(anonymous_4)","line":29,"loc":{"start":{"line":29,"column":12},"end":{"line":29,"column":35}}},"5":{"name":"(anonymous_5)","line":43,"loc":{"start":{"line":43,"column":38},"end":{"line":43,"column":57}}}},"statementMap":{"1":{"start":{"line":1,"column":0},"end":{"line":1,"column":44}},"2":{"start":{"line":2,"column":0},"end":{"line":2,"column":42}},"3":{"start":{"line":3,"column":0},"end":{"line":3,"column":72}},"4":{"start":{"line":5,"column":0},"end":{"line":9,"column":3}},"5":{"start":{"line":11,"column":0},"end":{"line":18,"column":5}},"6":{"start":{"line":14,"column":4},"end":{"line":14,"column":30}},"7":{"start":{"line":17,"column":4},"end":{"line":17,"column":79}},"8":{"start":{"line":20,"column":0},"end":{"line":26,"column":5}},"9":{"start":{"line":22,"column":4},"end":{"line":22,"column":38}},"10":{"start":{"line":25,"column":4},"end":{"line":25,"column":54}},"11":{"start":{"line":28,"column":0},"end":{"line":41,"column":5}},"12":{"start":{"line":30,"column":4},"end":{"line":40,"column":5}},"13":{"start":{"line":31,"column":6},"end":{"line":34,"column":7}},"14":{"start":{"line":33,"column":8},"end":{"line":33,"column":69}},"15":{"start":{"line":36,"column":6},"end":{"line":39,"column":7}},"16":{"start":{"line":38,"column":8},"end":{"line":38,"column":81}},"17":{"start":{"line":43,"column":0},"end":{"line":45,"column":2}},"18":{"start":{"line":44,"column":2},"end":{"line":44,"column":57}},"19":{"start":{"line":47,"column":0},"end":{"line":47,"column":35}},"20":{"start":{"line":49,"column":0},"end":{"line":49,"column":52}}},"branchMap":{"1":{"line":30,"type":"if","locations":[{"start":{"line":30,"column":4},"end":{"line":30,"column":4}},{"start":{"line":30,"column":4},"end":{"line":30,"column":4}}]},"2":{"line":31,"type":"if","locations":[{"start":{"line":31,"column":6},"end":{"line":31,"column":6}},{"start":{"line":31,"column":6},"end":{"line":31,"column":6}}]},"3":{"line":36,"type":"if","locations":[{"start":{"line":36,"column":6},"end":{"line":36,"column":6}},{"start":{"line":36,"column":6},"end":{"line":36,"column":6}}]}}}}