TN:
SF:/Users/alexpchin/work_ga/curriculum-archived/baseline-excluded/10-testing/jsES6-tdd-api/solution-code-authenticated/index.js
FNF:0
FNH:0
DA:1,1
DA:2,1
DA:3,1
DA:4,1
DA:6,1
DA:7,1
DA:8,1
DA:9,1
DA:10,1
DA:12,1
DA:13,1
DA:15,1
DA:16,0
DA:19,1
DA:20,1
DA:21,1
DA:22,1
DA:24,1
DA:26,1
LF:19
LH:18
BRDA:8,1,0,1
BRDA:8,1,1,1
BRDA:15,2,0,0
BRDA:15,2,1,1
BRF:4
BRH:3
end_of_record
TN:
SF:/Users/alexpchin/work_ga/curriculum-archived/baseline-excluded/10-testing/jsES6-tdd-api/solution-code-authenticated/config/routes.js
FN:13,secureRoute
FNF:1
FNH:1
FNDA:4,secureRoute
DA:2,1
DA:5,1
DA:6,1
DA:9,1
DA:10,1
DA:13,1
DA:14,4
DA:16,2
DA:18,2
DA:19,2
DA:21,2
DA:22,2
DA:27,1
DA:31,1
DA:37,1
DA:38,1
DA:41,1
LF:17
LH:17
BRDA:14,1,0,2
BRDA:14,1,1,2
BRDA:19,2,0,0
BRDA:19,2,1,2
BRDA:19,3,0,2
BRDA:19,3,1,2
BRF:6
BRH:5
end_of_record
TN:
SF:/Users/alexpchin/work_ga/curriculum-archived/baseline-excluded/10-testing/jsES6-tdd-api/solution-code-authenticated/config/config.js
FNF:0
FNH:0
DA:1,1
LF:1
LH:1
BRDA:5,1,0,1
BRDA:5,1,1,1
BRDA:7,2,0,1
BRDA:7,2,1,1
BRF:4
BRH:4
end_of_record
TN:
SF:/Users/alexpchin/work_ga/curriculum-archived/baseline-excluded/10-testing/jsES6-tdd-api/solution-code-authenticated/controllers/shoes.js
FN:3,shoesIndex
FN:10,shoesCreate
FN:17,shoesShow
FN:25,shoesUpdate
FN:32,shoesDelete
FNF:5
FNH:4
FNDA:5,shoesIndex
FNDA:1,shoesCreate
FNDA:1,shoesShow
FNDA:0,shoesUpdate
FNDA:1,shoesDelete
DA:1,1
DA:3,1
DA:4,5
DA:5,5
DA:6,5
DA:10,1
DA:11,1
DA:12,1
DA:13,1
DA:17,1
DA:18,1
DA:19,1
DA:20,1
DA:21,1
DA:25,1
DA:26,0
DA:27,0
DA:28,0
DA:32,1
DA:33,1
DA:34,1
DA:35,1
DA:39,1
LF:23
LH:20
BRDA:5,1,0,0
BRDA:5,1,1,5
BRDA:12,2,0,0
BRDA:12,2,1,1
BRDA:19,3,0,0
BRDA:19,3,1,1
BRDA:20,4,0,0
BRDA:20,4,1,1
BRDA:27,5,0,0
BRDA:27,5,1,0
BRDA:34,6,0,0
BRDA:34,6,1,1
BRF:12
BRH:5
end_of_record
TN:
SF:/Users/alexpchin/work_ga/curriculum-archived/baseline-excluded/10-testing/jsES6-tdd-api/solution-code-authenticated/models/shoe.js
FNF:0
FNH:0
DA:1,1
DA:3,1
DA:13,1
LF:3
LH:3
BRF:0
BRH:0
end_of_record
TN:
SF:/Users/alexpchin/work_ga/curriculum-archived/baseline-excluded/10-testing/jsES6-tdd-api/solution-code-authenticated/controllers/authentications.js
FN:5,register
FN:19,login
FNF:2
FNH:2
FNDA:2,register
FNDA:4,login
DA:1,1
DA:2,1
DA:3,1
DA:5,1
DA:6,2
DA:7,2
DA:9,1
DA:10,1
DA:12,1
DA:19,1
DA:20,4
DA:21,4
DA:22,4
DA:23,1
DA:26,3
DA:27,3
DA:29,3
DA:36,1
LF:18
LH:18
BRDA:7,1,0,1
BRDA:7,1,1,1
BRDA:21,2,0,0
BRDA:21,2,1,4
BRDA:22,3,0,1
BRDA:22,3,1,3
BRDA:22,4,0,4
BRDA:22,4,1,4
BRF:8
BRH:7
end_of_record
TN:
SF:/Users/alexpchin/work_ga/curriculum-archived/baseline-excluded/10-testing/jsES6-tdd-api/solution-code-authenticated/models/user.js
FN:12,(anonymous_1)
FN:21,(anonymous_2)
FN:24,(anonymous_3)
FN:29,(anonymous_4)
FN:43,(anonymous_5)
FNF:5
FNH:4
FNDA:5,(anonymous_1)
FNDA:0,(anonymous_2)
FNDA:5,(anonymous_3)
FNDA:5,(anonymous_4)
FNDA:4,(anonymous_5)
DA:1,1
DA:2,1
DA:3,1
DA:5,1
DA:11,1
DA:14,5
DA:17,5
DA:20,1
DA:22,0
DA:25,5
DA:28,1
DA:30,5
DA:31,5
DA:33,0
DA:36,5
DA:38,0
DA:43,1
DA:44,4
DA:47,1
DA:49,1
LF:20
LH:17
BRDA:30,1,0,5
BRDA:30,1,1,0
BRDA:31,2,0,0
BRDA:31,2,1,5
BRDA:36,3,0,0
BRDA:36,3,1,5
BRF:6
BRH:3
end_of_record
